<?xml version="1.0" encoding="UTF-8"?>
<!-- Generated by org.testng.reporters.JUnitReportReporter -->
<testsuite skipped="0" hostname="LAPTOP-354O6RMQ" name="com.hf.tests.TC_001_testLogin" tests="1" failures="0" timestamp="2021-01-06T13:13:52 AEDT" time="6.245" errors="0">
  <testcase name="testLoginfeature" time="6.245" classname="com.hf.tests.TC_001_testLogin"/>
  <system-out/>
</testsuite> <!-- com.hf.tests.TC_001_testLogin -->
