<?xml version="1.0" encoding="UTF-8"?>
<!-- Generated by org.testng.reporters.JUnitReportReporter -->
<testsuite skipped="0" hostname="LAPTOP-354O6RMQ" name="com.hf.tests.TC_ValidateAddCustomerTitle_003" tests="1" failures="0" timestamp="2020-07-28T11:42:31 AEST" time="4.598" errors="0">
  <testcase name="testAddCustomerTitle" time="4.598" classname="com.hf.tests.TC_ValidateAddCustomerTitle_003"/>
  <system-out/>
</testsuite> <!-- com.hf.tests.TC_ValidateAddCustomerTitle_003 -->
